Traceback (most recent call last):
  File "/usr/lib/python3/dist-packages/colcon_parallel_executor/executor/parallel.py", line 75, in execute
    loop.run_until_complete(future)
  File "/usr/lib/python3.8/asyncio/base_events.py", line 603, in run_until_complete
    self.run_forever()
  File "/usr/lib/python3.8/asyncio/base_events.py", line 570, in run_forever
    self._run_once()
  File "/usr/lib/python3.8/asyncio/base_events.py", line 1823, in _run_once
    event_list = self._selector.select(timeout)
  File "/usr/lib/python3.8/selectors.py", line 468, in select
    fd_event_list = self._selector.poll(timeout, max_ev)
KeyboardInterrupt

During handling of the above exception, another exception occurred:

Traceback (most recent call last):
  File "/usr/lib/python3/dist-packages/colcon_core/executor/__init__.py", line 91, in __call__
    rc = await self.task(*args, **kwargs)
  File "/usr/lib/python3/dist-packages/colcon_core/task/__init__.py", line 93, in __call__
    return await task_method(*args, **kwargs)
  File "/usr/lib/python3/dist-packages/colcon_ros/task/ament_python/build.py", line 102, in build
    return await extension.build(additional_hooks=additional_hooks)
  File "/usr/lib/python3/dist-packages/colcon_core/task/python/build.py", line 96, in build
    available_commands = await self._get_available_commands(
  File "/usr/lib/python3/dist-packages/colcon_core/task/python/build.py", line 194, in _get_available_commands
    output = await check_output(
  File "/usr/lib/python3/dist-packages/colcon_core/subprocess.py", line 129, in check_output
    assert not rc, f'Expected {args} to pass: {stderr_data}'
AssertionError: Expected ['/usr/bin/python3', '-W', 'ignore:setup.py install is deprecated', '-W', 'ignore:easy_install command is deprecated', 'setup.py', '--help-commands'] to pass: Traceback (most recent call last):
  File "setup.py", line 1, in <module>
    from setuptools import setup
  File "/usr/local/lib/python3.8/dist-packages/setuptools/__init__.py", line 16, in <module>
    import setuptools.version
  File "/usr/local/lib/python3.8/dist-packages/setuptools/version.py", line 1, in <module>
    import pkg_resources
  File "/usr/local/lib/python3.8/dist-packages/pkg_resources/__init__.py", line 3243, in <module>
    def _initialize_master_working_set():
  File "/usr/local/lib/python3.8/dist-packages/pkg_resources/__init__.py", line 3226, in _call_aside
    f(*args, **kwargs)
  File "/usr/local/lib/python3.8/dist-packages/pkg_resources/__init__.py", line 3255, in _initialize_master_working_set
    working_set = WorkingSet._build_master()
  File "/usr/local/lib/python3.8/dist-packages/pkg_resources/__init__.py", line 559, in _build_master
    ws = cls()
  File "/usr/local/lib/python3.8/dist-packages/pkg_resources/__init__.py", line 552, in __init__
    self.add_entry(entry)
  File "/usr/local/lib/python3.8/dist-packages/pkg_resources/__init__.py", line 608, in add_entry
    for dist in find_distributions(entry, True):
  File "/usr/local/lib/python3.8/dist-packages/pkg_resources/__init__.py", line 2059, in find_on_path
    path_item_entries = _by_version_descending(filtered)
  File "/usr/local/lib/python3.8/dist-packages/pkg_resources/__init__.py", line 2029, in _by_version_descending
    return sorted(names, key=_by_version, reverse=True)
  File "/usr/local/lib/python3.8/dist-packages/pkg_resources/__init__.py", line 2027, in _by_version
    return [packaging.version.parse(part) for part in parts]
  File "/usr/local/lib/python3.8/dist-packages/pkg_resources/__init__.py", line 2027, in <listcomp>
    return [packaging.version.parse(part) for part in parts]
  File "/usr/local/lib/python3.8/dist-packages/pkg_resources/_vendor/packaging/version.py", line 56, in parse
    return Version(version)
  File "/usr/local/lib/python3.8/dist-packages/pkg_resources/_vendor/packaging/version.py", line 284, in __init__
    post=_parse_letter_version(
  File "/usr/local/lib/python3.8/dist-packages/pkg_resources/_vendor/packaging/version.py", line 420, in _parse_letter_version
    def _parse_letter_version(
KeyboardInterrupt

